=============== Log rollover at Wed Oct  5 15:44:04 2022 ===============
Starting Klippy...
Args: ['/home/jim/klipper/klippy/klippy.py', '/home/jim/klipper_config/printer.cfg', '-I', '/tmp/printer', '-l', '/home/jim/klipper_logs/klippy.log', '-a', '/tmp/klippy_uds']
Git version: 'v0.10.0-591-ga2482d4f'
CPU: 4 core Intel(R) Core(TM) i5-2430M CPU @ 2.40GHz
Python: '2.7.18 (default, Jul  1 2022, 10:30:50) \n[GCC 11.2.0]'
Start printer at Wed Oct  5 15:44:05 2022 (1664999045.1 10.1)
===== Config file =====
[virtual_sdcard]
path = ~/gcode_files
on_error_gcode = 
	CANCEL_PRINT

[pause_resume]

[display_status]

[gcode_macro CANCEL_PRINT]
description = Cancel the actual running print
rename_existing = CANCEL_PRINT_BASE
variable_park = True
gcode = 
	{% if printer.pause_resume.is_paused|lower == 'false' and park|lower == 'true'%}
	_TOOLHEAD_PARK_PAUSE_CANCEL
	{% endif %}
	TURN_OFF_HEATERS
	M106 S0
	CANCEL_PRINT_BASE

[gcode_macro PAUSE]
description = Pause the actual running print
rename_existing = PAUSE_BASE
gcode = 
	PAUSE_BASE
	_TOOLHEAD_PARK_PAUSE_CANCEL

[gcode_macro RESUME]
description = Resume the actual running print
rename_existing = RESUME_BASE
gcode = 
	{% set extrude = printer['gcode_macro _TOOLHEAD_PARK_PAUSE_CANCEL'].extrude %}
	{% if 'VELOCITY' in params|upper %}
	{% set get_params = ('VELOCITY=' + params.VELOCITY)  %}
	{%else %}
	{% set get_params = "" %}
	{% endif %}
	{% if printer.extruder.can_extrude|lower == 'true' %}
	M83
	G1 E{extrude} F2100
	{% if printer.gcode_move.absolute_extrude |lower == 'true' %} M82 {% endif %}
	{% else %}
	{action_respond_info("Extruder not hot enough")}
	{% endif %}
	RESUME_BASE {get_params}

[gcode_macro _TOOLHEAD_PARK_PAUSE_CANCEL]
description = Helper: park toolhead used in PAUSE and CANCEL_PRINT
variable_extrude = 1.0
gcode = 
	{% set x_park = printer.toolhead.axis_maximum.x|float - 5.0 %}
	{% set y_park = printer.toolhead.axis_maximum.y|float - 5.0 %}
	{% set z_park_delta = 2.0 %}
	{% set max_z = printer.toolhead.axis_maximum.z|float %}
	{% set act_z = printer.toolhead.position.z|float %}
	{% if act_z < (max_z - z_park_delta) %}
	{% set z_safe = z_park_delta %}
	{% else %}
	{% set z_safe = max_z - act_z %}
	{% endif %}
	{% if printer.extruder.can_extrude|lower == 'true' %}
	M83
	G1 E-{extrude} F2100
	{% if printer.gcode_move.absolute_extrude |lower == 'true' %} M82 {% endif %}
	{% else %}
	{action_respond_info("Extruder not hot enough")}
	{% endif %}
	{% if "xyz" in printer.toolhead.homed_axes %}
	G91
	G1 Z{z_safe} F900
	G90
	G1 X{x_park} Y{y_park} F6000
	{% if printer.gcode_move.absolute_coordinates|lower == 'false' %} G91 {% endif %}
	{% else %}
	{action_respond_info("Printer not homed")}
	{% endif %}

[stepper_x]
step_pin = PB9
dir_pin = PC2
enable_pin = !PC3
microsteps = 16
rotation_distance = 40
endstop_pin = ^PA5
position_endstop = 0
position_max = 235
homing_speed = 50

[stepper_y]
step_pin = PB7
dir_pin = PB8
enable_pin = !PC3
microsteps = 16
rotation_distance = 40
endstop_pin = ^PA6
position_endstop = 0
position_max = 235
homing_speed = 50

[stepper_z]
step_pin = PB5
dir_pin = !PB6
enable_pin = !PC3
microsteps = 16
rotation_distance = 8
endstop_pin = probe:z_virtual_endstop
position_max = 250

[extruder]
max_extrude_only_distance = 100.0
step_pin = PB3
dir_pin = PB4
enable_pin = !PC3
microsteps = 16
rotation_distance = 33.500
nozzle_diameter = 0.400
filament_diameter = 1.750
heater_pin = PA1
sensor_type = EPCOS 100K B57560G104F
sensor_pin = PC5
control = pid
pid_kp = 21.527
pid_ki = 1.063
pid_kd = 108.982
min_temp = 0
max_temp = 250

[heater_bed]
heater_pin = PA2
sensor_type = EPCOS 100K B57560G104F
sensor_pin = PC4
control = pid
pid_kp = 54.027
pid_ki = 0.770
pid_kd = 948.182
min_temp = 0
max_temp = 130

[fan]
pin = PA0

[printer]
kinematics = cartesian
max_velocity = 300
max_accel = 3000
max_z_velocity = 5
max_z_accel = 100

[board_pins]
aliases = 
	EXP1_1=PC6,EXP1_3=PB10,EXP1_5=PB14,EXP1_7=PB12,EXP1_9=<GND>,
	EXP1_2=PB2,EXP1_4=PB11,EXP1_6=PB13,EXP1_8=PB15,EXP1_10=<5V>,
	PROBE_IN=PB0,PROBE_OUT=PB1,FIL_RUNOUT=PC6

[bltouch]
sensor_pin = ^PB1
control_pin = PB0
pin_up_touch_mode_reports_triggered = True
probe_with_touch_mode = True
x_offset = 0.0
y_offset = 0.0
z_offset = 0.0
speed = 10
samples = 2
sample_retract_dist = 5.0
lift_speed = 40
samples_tolerance_retries = 3

[safe_z_home]
home_xy_position = 151,115
speed = 250
z_hop = 10
z_hop_speed = 5

[mcu]
serial = /dev/serial/by-id/usb-1a86_USB_Serial-if00-port0
restart_method = command
=======================
Extruder max_extrude_ratio=0.266081
mcu 'mcu': Starting serial connect
mcu 'mcu': Unable to open serial port: [Errno 2] could not open port /dev/serial/by-id/usb-1a86_USB_Serial-if00-port0: [Errno 2] No such file or directory: '/dev/serial/by-id/usb-1a86_USB_Serial-if00-port0'
webhooks client 140444962645648: New connection
webhooks client 140444962645648: Client info {'program': 'Moonraker', 'version': 'v0.7.1-666-g60b871a'}
mcu 'mcu': Unable to open serial port: [Errno 2] could not open port /dev/serial/by-id/usb-1a86_USB_Serial-if00-port0: [Errno 2] No such file or directory: '/dev/serial/by-id/usb-1a86_USB_Serial-if00-port0'
mcu 'mcu': Unable to open serial port: [Errno 2] could not open port /dev/serial/by-id/usb-1a86_USB_Serial-if00-port0: [Errno 2] No such file or directory: '/dev/serial/by-id/usb-1a86_USB_Serial-if00-port0'
mcu 'mcu': Unable to open serial port: [Errno 2] could not open port /dev/serial/by-id/usb-1a86_USB_Serial-if00-port0: [Errno 2] No such file or directory: '/dev/serial/by-id/usb-1a86_USB_Serial-if00-port0'
mcu 'mcu': Unable to open serial port: [Errno 2] could not open port /dev/serial/by-id/usb-1a86_USB_Serial-if00-port0: [Errno 2] No such file or directory: '/dev/serial/by-id/usb-1a86_USB_Serial-if00-port0'
mcu 'mcu': Unable to open serial port: [Errno 2] could not open port /dev/serial/by-id/usb-1a86_USB_Serial-if00-port0: [Errno 2] No such file or directory: '/dev/serial/by-id/usb-1a86_USB_Serial-if00-port0'
mcu 'mcu': Unable to open serial port: [Errno 2] could not open port /dev/serial/by-id/usb-1a86_USB_Serial-if00-port0: [Errno 2] No such file or directory: '/dev/serial/by-id/usb-1a86_USB_Serial-if00-port0'
mcu 'mcu': Unable to open serial port: [Errno 2] could not open port /dev/serial/by-id/usb-1a86_USB_Serial-if00-port0: [Errno 2] No such file or directory: '/dev/serial/by-id/usb-1a86_USB_Serial-if00-port0'
mcu 'mcu': Unable to open serial port: [Errno 2] could not open port /dev/serial/by-id/usb-1a86_USB_Serial-if00-port0: [Errno 2] No such file or directory: '/dev/serial/by-id/usb-1a86_USB_Serial-if00-port0'
mcu 'mcu': Unable to open serial port: [Errno 2] could not open port /dev/serial/by-id/usb-1a86_USB_Serial-if00-port0: [Errno 2] No such file or directory: '/dev/serial/by-id/usb-1a86_USB_Serial-if00-port0'
